d:\ds数据结构\debug\vc142.pdb
d:\ds数据结构\debug\vc142.idb
d:\ds数据结构\debug\顺序表.obj
d:\ds数据结构\debug\队列.obj
d:\ds数据结构\debug\链表.obj
d:\ds数据结构\debug\链栈.obj
d:\ds数据结构\debug\栈.obj
d:\ds数据结构\debug\排序.obj
d:\ds数据结构\debug\带头结点的双向循环链表.obj
d:\ds数据结构\debug\小堆.obj
d:\ds数据结构\debug\双链表.obj
d:\ds数据结构\debug\二叉树.obj
d:\ds数据结构\debug\不带头结点单循环链表.obj
d:\ds数据结构\debug\ds数据结构.exe
d:\ds数据结构\debug\ds数据结构.ilk
d:\ds数据结构\debug\ds数据结构.pdb
d:\ds数据结构\debug\ds数据结构.tlog\cl.command.1.tlog
d:\ds数据结构\debug\ds数据结构.tlog\cl.read.1.tlog
d:\ds数据结构\debug\ds数据结构.tlog\cl.write.1.tlog
d:\ds数据结构\debug\ds数据结构.tlog\link.command.1.tlog
d:\ds数据结构\debug\ds数据结构.tlog\link.read.1.tlog
d:\ds数据结构\debug\ds数据结构.tlog\link.write.1.tlog
